===============================================
   meme 4.10.2: tests/scripts/test-suite.log
===============================================

# TOTAL: 63
# PASS:  57
# SKIP:  0
# XFAIL: 0
# FAIL:  6
# XPASS: 0
# ERROR: 0

.. contents:: :depth: 2

RUN: ama
========

*******************************************************************************
Test ama1 ...
ama --verbosity 1 --scoring max-odds gomo/motif.meme gomo/seqs.fasta gomo/seqs.bg 1> results/ama1/ama_z2AOJ_stdout 2> log
PASSED!
*******************************************************************************
Test ama2 ...
ama --pvalues --verbosity 1 --cs gomo/motif.meme gomo/seqs_red.fasta gomo/seqs.norc.bg 1> results/ama2/ama__h7oA_stdout 2> log
PASSED!

RUN: ame
========

*******************************************************************************
Test ame1 ...
ame --oc results/ame1 --silent --verbose 1 --bgformat 0 --control Klf1-200-100-shuffled.s Klf1-200-100.s Jaspar-subset.meme &> log
PASSED!

RUN: centrimo
=============

*******************************************************************************
Test centrimo1 ...
centrimo -verbosity 1 -oc results/centrimo -flip Klf1.s centrimo/dreme-Klf1.txt &> log
PASSED!

RUN: create_priors
==================

*******************************************************************************
Test create-priors1 ...
create-priors --seq-size 100007585 -oc results/create-priors1 create-priors/DNaseHS_gm12878.wig &> log
Creating priors with alpha=1.0 and beta=10000
Sequence size is 100007585 bases.
Scores were observed for 4140 bases.
Minimum score is 1
Median score is 1
Maximum score is 3.97638
Sum of scores is 7156.07
Sum of un-normalized priors is 2.51587e+07
Sum of normalized priors = 10000
Sum of prior distribution = 1
PASSED!
*******************************************************************************
Test create-priors2 ...
create-priors --seq-size 100007585 -oc results/create-priors2 create-priors/DNaseHS_gm12878.wig &> log
Creating priors with alpha=1.0 and beta=10000
Sequence size is 100007585 bases.
Scores were observed for 4140 bases.
Minimum score is 1
Median score is 1
Maximum score is 3.97638
Sum of scores is 7156.07
Sum of un-normalized priors is 2.51587e+07
Sum of normalized priors = 10000
Sum of prior distribution = 1
PASSED!

RUN: dreme
==========

*******************************************************************************
Test dreme1 ...
dreme -oc results/dreme -v 1 -noxslt -p Klf1-200-100.s &> log
PASSED!
*******************************************************************************
Test dreme2 ...
dreme -norc -oc results/dreme -v 1 -noxslt -p Klf1-200-100.s &> log
PASSED!

RUN: fasta-center
=================

*******************************************************************************
Test fasta-center1 ...
fasta-center -len 100 < Klf1-200.s 1> results/fasta-center1/fasta-center_pTrdH_stdout 2> log
PASSED!

RUN: fasta-dinucleotide-shuffle
===============================

*******************************************************************************
Test fasta-dinucleotide-shuffle1 ...
fasta-dinucleotide-shuffle -f Klf1-200-100.s -t -dinuc 1> results/fasta-dinucleotide-shuffle1/fasta-dinucleotide-shuffle_ee58D_stdout 2> log
PASSED!

RUN: fimo
=========

*******************************************************************************
Test fimo1 ...
fimo --text --motif-pseudo 0.01 fimo/MCM1.meme.html fimo/spiked.fasta 1> results/fimo1/fimo_jlPoI_stdout 2> log
Warning: text mode turns off computation of q-values
Using motif +1 of width 13.
Using motif -1 of width 13.
PASSED!
*******************************************************************************
Test fimo2 ...
fimo --text --motif 2 --motif 3 --thresh 0.01 common/crp0.meme.html motiph/spiked.fasta 1> results/fimo2/fimo_Zu0oQ_stdout 2> log
Warning: text mode turns off computation of q-values
Skipping motif +1.
Skipping motif -1.
Using motif +2 of width 8.
Using motif -2 of width 8.
Using motif +3 of width 11.
Using motif -3 of width 11.
PASSED!
*******************************************************************************
Test fimo3 ...
fimo --text --psp fimo/GCN4_YPD.psp --prior-dist fimo/prior.dist.txt fimo/GCN4.meme fimo/GCN4_YPD.fasta 1> results/fimo3/fimo_YRBbN_stdout 2> log
Warning: text mode turns off computation of q-values
Using motif +MA0303.1 of width 21.
Using motif -MA0303.1 of width 21.
PASSED!
*******************************************************************************
Test fimo4 ...
fimo --text --parse-genomic-coord --psp fimo/GCN4_YPD-genomic.psp --prior-dist fimo/prior.dist.txt fimo/GCN4.meme fimo/GCN4_YPD-genomic.fasta 1> results/fimo4/fimo_u97co_stdout 2> log
Warning: text mode turns off computation of q-values
Using motif +MA0303.1 of width 21.
Using motif -MA0303.1 of width 21.
PASSED!

RUN: glam2
==========

*******************************************************************************
Test glam2_1 ...
glam2 -M -r 3 -n 100 -O results/glam2_1 p At.s &> log
The output directory 'results/glam2_1' already exists.
Its contents will be overwritten.
Run 1... 406 iterations
Run 2... 445 iterations
Run 3... 400 iterations

Warning: Can not convert EPS file to PNG as no install of Image Magick or Ghostscript is usable.
Warning: Can not convert EPS file to PNG as no install of Image Magick or Ghostscript is usable.
Warning: Can not convert EPS file to PNG as no install of Image Magick or Ghostscript is usable.
Warning: Can not convert EPS file to PNG as no install of Image Magick or Ghostscript is usable.
Warning: Can not convert EPS file to PNG as no install of Image Magick or Ghostscript is usable.
Warning: Can not convert EPS file to PNG as no install of Image Magick or Ghostscript is usable.
PASSED!

RUN: glam2scan
==============

*******************************************************************************
Test glam2scan1 ...
glam2scan p glam2/glam2.txt At.s 1> results/glam2scan1/glam2scan_d_qGh_stdout 2> log
PASSED!

RUN: gomo
=========

*******************************************************************************
Test gomo1 ...
gomo --seed 1 --nostatus --verbosity 1 --text gomo/GO2Gene.map.csv gomo/ama.nozscoring.xml 1> results/gomo1/gomo_uMKB1_stdout 2> log
PASSED!
*******************************************************************************
Test gomo2 ...
gomo --seed 1 --nostatus --verbosity 1 --text gomo/GO2Gene.map.csv gomo/ama.nozscoring.xml gomo/ama.nozscoring.xml 1> results/gomo2/gomo_31_UW_stdout 2> log
PASSED!

RUN: mast
=========

*******************************************************************************
Test mast1 ...
mast meme/meme.crp0.oops common/crp0.s -oc results/mast1 -nohtml -nostatus &> log
PASSED!
*******************************************************************************
Test mast2 ...
mast meme/meme.crp0.zoops common/crp0.s -oc results/mast2 -nohtml -nostatus &> log
PASSED!
*******************************************************************************
Test mast3 ...
mast meme/meme.crp0.tcm common/crp0.s -oc results/mast3 -nohtml -nostatus &> log
PASSED!
*******************************************************************************
Test mast4 ...
mast meme/meme.INO_up800.oops common/INO_up800.s -oc results/mast4 -nohtml -nostatus &> log
PASSED!
*******************************************************************************
Test mast5 ...
mast meme/meme.INO_up800.zoops common/INO_up800.s -oc results/mast5 -nohtml -nostatus &> log
PASSED!
*******************************************************************************
Test mast6 ...
mast meme/meme.INO_up800.tcm common/INO_up800.s -oc results/mast6 -nohtml -nostatus &> log
PASSED!
*******************************************************************************
Test mast7 ...
mast meme/meme.farntrans5.oops common/farntrans5.s -oc results/mast7 -nohtml -nostatus &> log
PASSED!
*******************************************************************************
Test mast8 ...
mast meme/meme.farntrans5.zoops common/farntrans5.s -oc results/mast8 -nohtml -nostatus &> log
PASSED!
*******************************************************************************
Test mast9 ...
mast meme/meme.farntrans5.tcm common/farntrans5.s -oc results/mast9 -nohtml -nostatus &> log
PASSED!
*******************************************************************************
Test mast10 ...
mast meme/meme.lipocalin.oops common/lipocalin.s -oc results/mast10 -nohtml -nostatus &> log
PASSED!
*******************************************************************************
Test mast11 ...
mast meme/meme.lipocalin.zoops common/lipocalin.s -oc results/mast11 -nohtml -nostatus &> log
PASSED!
*******************************************************************************
Test mast12 ...
mast meme/meme.lipocalin.tcm common/lipocalin.s -oc results/mast12 -nohtml -nostatus &> log
PASSED!
*******************************************************************************
Test mast13 ...
mast meme/meme.adh.oops common/adh.s -oc results/mast13 -nohtml -nostatus &> log
PASSED!
*******************************************************************************
Test mast14 ...
mast meme/meme.adh.oops - -oc results/mast14 -nohtml -nostatus -df stdin -dna -seqp < common/mini-drosoph.s &> log
PASSED!
*******************************************************************************
Test mast15 ...
mast meme/meme.adh.zoops common/adh.s -oc results/mast15 -nohtml -nostatus &> log
PASSED!
*******************************************************************************
Test mast16 ...
mast meme/meme.adh.zoops - -oc results/mast16 -nohtml -nostatus -df stdin -dna -seqp < common/mini-drosoph.s &> log
PASSED!
*******************************************************************************
Test mast17 ...
mast meme/meme.adh.tcm common/adh.s -oc results/mast17 -nohtml -nostatus &> log
PASSED!
*******************************************************************************
Test mast18 ...
mast meme/meme.adh.tcm - -oc results/mast18 -nohtml -nostatus -df stdin -dna -seqp < common/mini-drosoph.s &> log
PASSED!

RUN: mcast
==========

*******************************************************************************
Test mcast1 ...
mcast -oc results/mcast1 meme/meme.lex0.zoops common/lex0.s &> log
Creating HMM from motif array.
Building HMM: (0) 1 2-3-4-5-6-7-8-9-10-11-12-13-14-15-16-17-18-19-20-21 | (22)
Reading sequences in blocks of 434782 characters.
Warning: Cannot estimate pi_0 accurately from fewer than 100 p-values.         total p-values = 14. Using pi_zero = 1.0.
User time for computation: 0.003585 seconds
System time for computation: 0.001071 seconds
User time for output: 0.004115 seconds
System time for output: 0.000857 seconds
Total user time: 0.0077 seconds
Total system time: 0.001928 seconds
PASSED!

RUN: meme
=========

*******************************************************************************
Test meme1 ...
meme common/crp0.s -oc results/meme1 -mod oops -dna -revcomp -nostatus -nmotifs 2 -minw 8 &> log
Warning: Can not convert EPS file to PNG as no install of Image Magick or Ghostscript is usable.
Warning: Can not convert EPS file to PNG as no install of Image Magick or Ghostscript is usable.
Warning: Can not convert EPS file to PNG as no install of Image Magick or Ghostscript is usable.
Warning: Can not convert EPS file to PNG as no install of Image Magick or Ghostscript is usable.
Can't locate XML/Parser/Expat.pm in @INC (@INC contains: /Users/rzr142/People/Yu_Zhang/CRM_discovery/meme_4.10.2/scripts /Users/rzr142/People/Yu_Zhang/CRM_discovery/meme_4.10.2/lib/perl /Users/rzr142/perl5/lib/perl5/darwin-thread-multi-2level /Users/rzr142/perl5/lib/perl5 /opt/local/lib/perl5/site_perl/5.12.4/darwin-thread-multi-2level /opt/local/lib/perl5/site_perl/5.12.4 /opt/local/lib/perl5/vendor_perl/5.12.4/darwin-thread-multi-2level /opt/local/lib/perl5/vendor_perl/5.12.4 /opt/local/lib/perl5/5.12.4/darwin-thread-multi-2level /opt/local/lib/perl5/5.12.4 /opt/local/lib/perl5/site_perl /opt/local/lib/perl5/vendor_perl .) at /Users/rzr142/People/Yu_Zhang/CRM_discovery/meme_4.10.2/scripts/MemeSAX.pm line 10.
BEGIN failed--compilation aborted at /Users/rzr142/People/Yu_Zhang/CRM_discovery/meme_4.10.2/scripts/MemeSAX.pm line 10.
Compilation failed in require at /Users/rzr142/People/Yu_Zhang/CRM_discovery/meme_4.10.2/scripts/meme_xml_to_html line 48.
Warning: meme_xml_to_html exited abnormally and may have failed to create HTML output.
-------------------------------------------------------------------------------
meme exited with value 1 indicating failure.
FAILED!
*******************************************************************************
Test meme2 ...
meme common/crp0.s -oc results/meme2 -mod zoops -dna -revcomp -nostatus -nmotifs 2 -minw 8 &> log
Warning: Can not convert EPS file to PNG as no install of Image Magick or Ghostscript is usable.
Warning: Can not convert EPS file to PNG as no install of Image Magick or Ghostscript is usable.
Warning: Can not convert EPS file to PNG as no install of Image Magick or Ghostscript is usable.
Warning: Can not convert EPS file to PNG as no install of Image Magick or Ghostscript is usable.
Can't locate XML/Parser/Expat.pm in @INC (@INC contains: /Users/rzr142/People/Yu_Zhang/CRM_discovery/meme_4.10.2/scripts /Users/rzr142/People/Yu_Zhang/CRM_discovery/meme_4.10.2/lib/perl /Users/rzr142/perl5/lib/perl5/darwin-thread-multi-2level /Users/rzr142/perl5/lib/perl5 /opt/local/lib/perl5/site_perl/5.12.4/darwin-thread-multi-2level /opt/local/lib/perl5/site_perl/5.12.4 /opt/local/lib/perl5/vendor_perl/5.12.4/darwin-thread-multi-2level /opt/local/lib/perl5/vendor_perl/5.12.4 /opt/local/lib/perl5/5.12.4/darwin-thread-multi-2level /opt/local/lib/perl5/5.12.4 /opt/local/lib/perl5/site_perl /opt/local/lib/perl5/vendor_perl .) at /Users/rzr142/People/Yu_Zhang/CRM_discovery/meme_4.10.2/scripts/MemeSAX.pm line 10.
BEGIN failed--compilation aborted at /Users/rzr142/People/Yu_Zhang/CRM_discovery/meme_4.10.2/scripts/MemeSAX.pm line 10.
Compilation failed in require at /Users/rzr142/People/Yu_Zhang/CRM_discovery/meme_4.10.2/scripts/meme_xml_to_html line 48.
Warning: meme_xml_to_html exited abnormally and may have failed to create HTML output.
-------------------------------------------------------------------------------
meme exited with value 1 indicating failure.
FAILED!
*******************************************************************************
Test meme3 ...
meme common/crp0.s -oc results/meme3 -mod tcm -dna -revcomp -nostatus -nmotifs 2 -minw 8 &> log
Warning: Can not convert EPS file to PNG as no install of Image Magick or Ghostscript is usable.
Warning: Can not convert EPS file to PNG as no install of Image Magick or Ghostscript is usable.
Warning: Can not convert EPS file to PNG as no install of Image Magick or Ghostscript is usable.
Warning: Can not convert EPS file to PNG as no install of Image Magick or Ghostscript is usable.
Can't locate XML/Parser/Expat.pm in @INC (@INC contains: /Users/rzr142/People/Yu_Zhang/CRM_discovery/meme_4.10.2/scripts /Users/rzr142/People/Yu_Zhang/CRM_discovery/meme_4.10.2/lib/perl /Users/rzr142/perl5/lib/perl5/darwin-thread-multi-2level /Users/rzr142/perl5/lib/perl5 /opt/local/lib/perl5/site_perl/5.12.4/darwin-thread-multi-2level /opt/local/lib/perl5/site_perl/5.12.4 /opt/local/lib/perl5/vendor_perl/5.12.4/darwin-thread-multi-2level /opt/local/lib/perl5/vendor_perl/5.12.4 /opt/local/lib/perl5/5.12.4/darwin-thread-multi-2level /opt/local/lib/perl5/5.12.4 /opt/local/lib/perl5/site_perl /opt/local/lib/perl5/vendor_perl .) at /Users/rzr142/People/Yu_Zhang/CRM_discovery/meme_4.10.2/scripts/MemeSAX.pm line 10.
BEGIN failed--compilation aborted at /Users/rzr142/People/Yu_Zhang/CRM_discovery/meme_4.10.2/scripts/MemeSAX.pm line 10.
Compilation failed in require at /Users/rzr142/People/Yu_Zhang/CRM_discovery/meme_4.10.2/scripts/meme_xml_to_html line 48.
Warning: meme_xml_to_html exited abnormally and may have failed to create HTML output.
-------------------------------------------------------------------------------
meme exited with value 1 indicating failure.
FAILED!
*******************************************************************************
Test meme4 ...
meme common/adh.s -oc results/meme4 -mod oops -protein -nostatus -nmotifs 2 -minw 8 &> log
Warning: Can not convert EPS file to PNG as no install of Image Magick or Ghostscript is usable.
Warning: Can not convert EPS file to PNG as no install of Image Magick or Ghostscript is usable.
Can't locate XML/Parser/Expat.pm in @INC (@INC contains: /Users/rzr142/People/Yu_Zhang/CRM_discovery/meme_4.10.2/scripts /Users/rzr142/People/Yu_Zhang/CRM_discovery/meme_4.10.2/lib/perl /Users/rzr142/perl5/lib/perl5/darwin-thread-multi-2level /Users/rzr142/perl5/lib/perl5 /opt/local/lib/perl5/site_perl/5.12.4/darwin-thread-multi-2level /opt/local/lib/perl5/site_perl/5.12.4 /opt/local/lib/perl5/vendor_perl/5.12.4/darwin-thread-multi-2level /opt/local/lib/perl5/vendor_perl/5.12.4 /opt/local/lib/perl5/5.12.4/darwin-thread-multi-2level /opt/local/lib/perl5/5.12.4 /opt/local/lib/perl5/site_perl /opt/local/lib/perl5/vendor_perl .) at /Users/rzr142/People/Yu_Zhang/CRM_discovery/meme_4.10.2/scripts/MemeSAX.pm line 10.
BEGIN failed--compilation aborted at /Users/rzr142/People/Yu_Zhang/CRM_discovery/meme_4.10.2/scripts/MemeSAX.pm line 10.
Compilation failed in require at /Users/rzr142/People/Yu_Zhang/CRM_discovery/meme_4.10.2/scripts/meme_xml_to_html line 48.
Warning: meme_xml_to_html exited abnormally and may have failed to create HTML output.
-------------------------------------------------------------------------------
meme exited with value 1 indicating failure.
FAILED!
*******************************************************************************
Test meme5 ...
meme common/adh.s -oc results/meme5 -mod zoops -protein -nostatus -nmotifs 2 -minw 8 &> log
Warning: Can not convert EPS file to PNG as no install of Image Magick or Ghostscript is usable.
Warning: Can not convert EPS file to PNG as no install of Image Magick or Ghostscript is usable.
Can't locate XML/Parser/Expat.pm in @INC (@INC contains: /Users/rzr142/People/Yu_Zhang/CRM_discovery/meme_4.10.2/scripts /Users/rzr142/People/Yu_Zhang/CRM_discovery/meme_4.10.2/lib/perl /Users/rzr142/perl5/lib/perl5/darwin-thread-multi-2level /Users/rzr142/perl5/lib/perl5 /opt/local/lib/perl5/site_perl/5.12.4/darwin-thread-multi-2level /opt/local/lib/perl5/site_perl/5.12.4 /opt/local/lib/perl5/vendor_perl/5.12.4/darwin-thread-multi-2level /opt/local/lib/perl5/vendor_perl/5.12.4 /opt/local/lib/perl5/5.12.4/darwin-thread-multi-2level /opt/local/lib/perl5/5.12.4 /opt/local/lib/perl5/site_perl /opt/local/lib/perl5/vendor_perl .) at /Users/rzr142/People/Yu_Zhang/CRM_discovery/meme_4.10.2/scripts/MemeSAX.pm line 10.
BEGIN failed--compilation aborted at /Users/rzr142/People/Yu_Zhang/CRM_discovery/meme_4.10.2/scripts/MemeSAX.pm line 10.
Compilation failed in require at /Users/rzr142/People/Yu_Zhang/CRM_discovery/meme_4.10.2/scripts/meme_xml_to_html line 48.
Warning: meme_xml_to_html exited abnormally and may have failed to create HTML output.
-------------------------------------------------------------------------------
meme exited with value 1 indicating failure.
FAILED!
*******************************************************************************
Test meme6 ...
meme common/adh.s -oc results/meme6 -mod tcm -protein -nostatus -nmotifs 2 -minw 8 &> log
Warning: Can not convert EPS file to PNG as no install of Image Magick or Ghostscript is usable.
Warning: Can not convert EPS file to PNG as no install of Image Magick or Ghostscript is usable.
Can't locate XML/Parser/Expat.pm in @INC (@INC contains: /Users/rzr142/People/Yu_Zhang/CRM_discovery/meme_4.10.2/scripts /Users/rzr142/People/Yu_Zhang/CRM_discovery/meme_4.10.2/lib/perl /Users/rzr142/perl5/lib/perl5/darwin-thread-multi-2level /Users/rzr142/perl5/lib/perl5 /opt/local/lib/perl5/site_perl/5.12.4/darwin-thread-multi-2level /opt/local/lib/perl5/site_perl/5.12.4 /opt/local/lib/perl5/vendor_perl/5.12.4/darwin-thread-multi-2level /opt/local/lib/perl5/vendor_perl/5.12.4 /opt/local/lib/perl5/5.12.4/darwin-thread-multi-2level /opt/local/lib/perl5/5.12.4 /opt/local/lib/perl5/site_perl /opt/local/lib/perl5/vendor_perl .) at /Users/rzr142/People/Yu_Zhang/CRM_discovery/meme_4.10.2/scripts/MemeSAX.pm line 10.
BEGIN failed--compilation aborted at /Users/rzr142/People/Yu_Zhang/CRM_discovery/meme_4.10.2/scripts/MemeSAX.pm line 10.
Compilation failed in require at /Users/rzr142/People/Yu_Zhang/CRM_discovery/meme_4.10.2/scripts/meme_xml_to_html line 48.
Warning: meme_xml_to_html exited abnormally and may have failed to create HTML output.
-------------------------------------------------------------------------------
meme exited with value 1 indicating failure.
FAILED!
*******************************************************************************
Test meme_psp ...
meme common/psp_test.s -psp common/psp_test.psp -minsites 5 -dna -revcomp -minw 7 -maxw 12 -nostatus -text 1> results/meme7/meme_EKiz4_stdout 2> log
PASSED!

RUN: motiph
===========

*******************************************************************************
Test motiph1 ...
motiph --seed 0 --bg 2 --pseudocount 0.01 --text motiph/spiked.aln motiph/yeast.tree motiph/MCM1.meme.html 1> results/motiph1/motiph_wojAh_stdout 2> log
Using motif +1 of width 13.
Read alignment from motiph/spiked.aln.
Trimmed tree: (Sbay:0.33300,(Smik:0.21600,(Spar:0.10500,Scer:0.14600):0.07700):0.08600);
Computing q-values.
Estimating pi_0 from all 879 observed p-values.
Estimating pi_0.
Estimated pi_0=0.859743
Using motif -1 of width 13.
Read alignment from motiph/spiked.aln.
Trimmed tree: (Sbay:0.33300,(Smik:0.21600,(Spar:0.10500,Scer:0.14600):0.07700):0.08600);
Computing q-values.
Estimating pi_0 from all 879 observed p-values.
Estimating pi_0.
Estimated pi_0=0.816946
Total number of positions scored: 1758
PASSED!
*******************************************************************************
Test motiph2 ...
motiph --seed 0 --bg 2 --pseudocount 0.01 --text --output-pthresh 1 --motif 2 --motif 3 motiph/spiked.aln motiph/yeast.tree common/crp0.meme.html 1> results/motiph2/motiph_eu5Tg_stdout 2> log
Using motif +2 of width 8.
Read alignment from motiph/spiked.aln.
Trimmed tree: (Sbay:0.33300,(Smik:0.21600,(Spar:0.10500,Scer:0.14600):0.07700):0.08600);
Computing q-values.
Estimating pi_0 from all 1243 observed p-values.
Estimating pi_0.
Estimated pi_0=1
Using motif -2 of width 8.
Read alignment from motiph/spiked.aln.
Trimmed tree: (Sbay:0.33300,(Smik:0.21600,(Spar:0.10500,Scer:0.14600):0.07700):0.08600);
Computing q-values.
Estimating pi_0 from all 1243 observed p-values.
Estimating pi_0.
Estimated pi_0=1
Using motif +3 of width 11.
Read alignment from motiph/spiked.aln.
Trimmed tree: (Sbay:0.33300,(Smik:0.21600,(Spar:0.10500,Scer:0.14600):0.07700):0.08600);
Computing q-values.
Estimating pi_0 from all 1014 observed p-values.
Estimating pi_0.
Estimated pi_0=1
Using motif -3 of width 11.
Read alignment from motiph/spiked.aln.
Trimmed tree: (Sbay:0.33300,(Smik:0.21600,(Spar:0.10500,Scer:0.14600):0.07700):0.08600);
Computing q-values.
Estimating pi_0 from all 1014 observed p-values.
Estimating pi_0.
Estimated pi_0=1
Total number of positions scored: 4514
PASSED!

RUN: pspgen
===========

*******************************************************************************
Test psp-gen1 ...
psp-gen -revcomp -pos psp-gen/one-peak-dna.fasta -neg psp-gen/all-A.fasta 1> results/pspgen1/psp-gen_RDmJz_stdout 2> log
PASSED!
*******************************************************************************
Test psp-gen2 ...
psp-gen -alpha prot -maxrange -triples -pos psp-gen/one-peak-protein.fasta -neg psp-gen/all-A.fasta 1> results/pspgen2/psp-gen_CYRYV_stdout 2> log
PASSED!

RUN: qvalue
===========

*******************************************************************************
Test qvalue1 ...
qvalue --header 1 --append --column 2 --seed 7718 qvalue/uniform.txt 1> results/qvalue1/qvalue_JIl90_stdout 2> log
Read 1000 values from qvalue/uniform.txt.
PASSED!

RUN: spamo
==========

*******************************************************************************
Test spamo1 ...
spamo -oc results/spamo1 -verbosity 1 -znoxslt -margin 20 -shared 1 spamo/limits.fasta spamo/primary.meme spamo/secondary.meme &> log
PASSED!
*******************************************************************************
Test spamo2 ...
spamo -oc results/spamo2 -verbosity 1 -znoxslt -margin 20 -shared 1 spamo/random.fasta spamo/primary.meme spamo/secondary.meme &> log
PASSED!

RUN: tomtom
===========

*******************************************************************************
Test tomtom_allr ...
tomtom -verbosity 1 -seed 1 -dist allr -text -incomplete-scores common/sample.meme common/sample.meme 1> results/tomtom.out.allr/tomtom_ky_mT_stdout 2> log

Warning: Target database size too small (5). Provide at least 50 motifs for accurate p-value computation

PASSED!
*******************************************************************************
Test tomtom_ed ...
tomtom -verbosity 1 -seed 1 -dist ed -text -incomplete-scores common/sample.meme common/sample.meme 1> results/tomtom.out.ed/tomtom_AL2Oh_stdout 2> log

Warning: Target database size too small (5). Provide at least 50 motifs for accurate p-value computation

PASSED!
*******************************************************************************
Test tomtom_kullback ...
tomtom -verbosity 1 -seed 1 -dist kullback -text -incomplete-scores common/sample.meme common/sample.meme 1> results/tomtom.out.kullback/tomtom_Y9Gud_stdout 2> log

Warning: Target database size too small (5). Provide at least 50 motifs for accurate p-value computation

PASSED!
*******************************************************************************
Test tomtom_sandelin ...
tomtom -verbosity 1 -seed 1 -dist sandelin -text -incomplete-scores common/sample.meme common/sample.meme 1> results/tomtom.out.sandelin/tomtom_Q1uZd_stdout 2> log

Warning: Target database size too small (5). Provide at least 50 motifs for accurate p-value computation

PASSED!
*******************************************************************************
Test tomtom_blic1 ...
tomtom -verbosity 1 -seed 1 -dist blic1 -text -incomplete-scores common/sample.meme common/sample.meme 1> results/tomtom.out.blic1/tomtom_FBNlB_stdout 2> log

Warning: Target database size too small (5). Provide at least 50 motifs for accurate p-value computation

PASSED!
*******************************************************************************
Test tomtom_blic5 ...
tomtom -verbosity 1 -seed 1 -dist blic5 -text -incomplete-scores common/sample.meme common/sample.meme 1> results/tomtom.out.blic5/tomtom_3qPB3_stdout 2> log

Warning: Target database size too small (5). Provide at least 50 motifs for accurate p-value computation

PASSED!
*******************************************************************************
Test tomtom_allr_cs ...
tomtom -verbosity 1 -seed 1 -dist allr -text common/sample.meme common/sample.meme 1> results/tomtom.complete.out.allr/tomtom_sO_R0_stdout 2> log

Warning: Target database size too small (5). Provide at least 50 motifs for accurate p-value computation

PASSED!
*******************************************************************************
Test tomtom_ed_cs ...
tomtom -verbosity 1 -seed 1 -dist ed -text common/sample.meme common/sample.meme 1> results/tomtom.complete.out.ed/tomtom_6KX9P_stdout 2> log

Warning: Target database size too small (5). Provide at least 50 motifs for accurate p-value computation

PASSED!
*******************************************************************************
Test tomtom_kullback_cs ...
tomtom -verbosity 1 -seed 1 -dist kullback -text common/sample.meme common/sample.meme 1> results/tomtom.complete.out.kullback/tomtom_qtFSs_stdout 2> log

Warning: Target database size too small (5). Provide at least 50 motifs for accurate p-value computation

PASSED!
*******************************************************************************
Test tomtom_sandelin_cs ...
tomtom -verbosity 1 -seed 1 -dist sandelin -text common/sample.meme common/sample.meme 1> results/tomtom.complete.out.sandelin/tomtom_9kIS7_stdout 2> log

Warning: Target database size too small (5). Provide at least 50 motifs for accurate p-value computation

PASSED!
*******************************************************************************
Test tomtom_blic1_cs ...
tomtom -verbosity 1 -seed 1 -dist blic1 -text common/sample.meme common/sample.meme 1> results/tomtom.complete.out.blic1/tomtom_t0l3u_stdout 2> log

Warning: Target database size too small (5). Provide at least 50 motifs for accurate p-value computation

PASSED!
*******************************************************************************
Test tomtom_blic5_cs ...
tomtom -verbosity 1 -seed 1 -dist blic5 -text common/sample.meme common/sample.meme 1> results/tomtom.complete.out.blic5/tomtom_WcTXU_stdout 2> log

Warning: Target database size too small (5). Provide at least 50 motifs for accurate p-value computation

PASSED!

